<?xml version="1.0" encoding="utf-8"?><testsuites><testsuite name="pytest" errors="0" failures="0" skipped="0" tests="43" time="43.373" timestamp="2025-06-02T11:17:38.193909+03:30" hostname="gravity"><testcase classname="tests.test_app" name="test_analyze_success" time="10.808" /><testcase classname="tests.test_app" name="test_analyze_missing_ticker" time="0.003" /><testcase classname="tests.test_app" name="test_analyze_invalid_data_source" time="0.002" /><testcase classname="tests.test_app" name="test_analyze_empty_prediction_horizons" time="20.108" /><testcase classname="tests.test_cache_manager" name="test_cache_set_and_get" time="0.001" /><testcase classname="tests.test_cache_manager" name="test_cache_expiry" time="1.101" /><testcase classname="tests.test_cache_manager" name="test_cache_overwrite" time="0.001" /><testcase classname="tests.test_cache_manager" name="test_cache_get_nonexistent_key" time="0.001" /><testcase classname="tests.test_indicator_calculator" name="test_calculate_single_indicator_sma" time="0.005" /><testcase classname="tests.test_indicator_calculator" name="test_calculate_single_indicator_with_list_params" time="0.005" /><testcase classname="tests.test_indicator_calculator" name="test_calculate_single_indicator_empty_data" time="0.002" /><testcase classname="tests.test_indicator_calculator" name="test_calculate_indicators_for_dataframe" time="0.010" /><testcase classname="tests.test_indicator_calculator" name="test_calculate_single_indicator_unknown_type" time="0.003" /><testcase classname="tests.test_indicator_calculator_edge_integration" name="test_empty_dataframe" time="0.002" /><testcase classname="tests.test_indicator_calculator_edge_integration" name="test_invalid_indicator_name" time="0.004" /><testcase classname="tests.test_indicator_calculator_edge_integration" name="test_integration_multiple_indicators" time="0.016" /><testcase classname="tests.test_log_manager" name="test_log_manager_initialization" time="0.004" /><testcase classname="tests.test_log_manager" name="test_logging_methods" time="0.002" /><testcase classname="tests.test_log_manager_edge_integration" name="test_log_manager_error_handling" time="0.005" /><testcase classname="tests.test_log_manager_edge_integration" name="test_log_manager_logging_output" time="0.001" /><testcase classname="tests.test_market_analysis_system" name="test_market_state_classifier_thresholds" time="0.006" /><testcase classname="tests.test_market_analysis_system" name="test_classify_market_state_and_volatility" time="0.006" /><testcase classname="tests.test_market_analysis_system" name="test_feature_engineering_and_prepare_data" time="0.051" /><testcase classname="tests.test_market_analysis_system" name="test_get_model_pipeline_and_evaluate" time="0.003" /><testcase classname="tests.test_market_analysis_system" name="test_run_analysis_pipeline" time="8.654" /><testcase classname="tests.test_market_analysis_system_edge_integration" name="test_empty_dataframe" time="0.002" /><testcase classname="tests.test_market_analysis_system_edge_integration" name="test_missing_columns" time="0.003" /><testcase classname="tests.test_market_analysis_system_edge_integration" name="test_integration_feature_engineering_and_ml_prep" time="0.049" /><testcase classname="tests.test_market_data_fetcher" name="test_select_data_source_yahoo" time="0.003" /><testcase classname="tests.test_market_data_fetcher" name="test_select_data_source_tse" time="0.003" /><testcase classname="tests.test_market_data_fetcher" name="test_fetch_data_yahoo_success" time="0.004" /><testcase classname="tests.test_market_data_fetcher" name="test_fetch_data_tse_success" time="0.005" /><testcase classname="tests.test_market_data_fetcher" name="test_fetch_data_retry_and_fail" time="0.005" /><testcase classname="tests.test_market_data_fetcher_edge_integration" name="test_invalid_data_source" time="0.002" /><testcase classname="tests.test_market_data_fetcher_edge_integration" name="test_fetch_data_empty_retry" time="0.005" /><testcase classname="tests.test_market_data_fetcher_edge_integration" name="test_fetch_data_success" time="0.007" /><testcase classname="tests.test_optimization_engine" name="test_optimizer_initialization" time="0.005" /><testcase classname="tests.test_optimization_engine" name="test_encode_decode_individual" time="0.006" /><testcase classname="tests.test_optimization_engine" name="test_custom_mutate" time="0.003" /><testcase classname="tests.test_optimization_engine" name="test_optimize_methods" time="0.006" /><testcase classname="tests.test_optimization_engine_edge_integration" name="test_empty_indicator_params" time="0.004" /><testcase classname="tests.test_optimization_engine_edge_integration" name="test_encode_decode_consistency" time="0.003" /><testcase classname="tests.test_optimization_engine_edge_integration" name="test_optimize_with_mocked_methods" time="0.010" /></testsuite></testsuites>